This file contains any messages produced by compilers while
running configure, to aid debugging if configure makes a mistake.

It was created by configure, which was
generated by GNU Autoconf 2.72.  Invocation command line was

  $ ./configure --enable-localdata --disable-sound

## --------- ##
## Platform. ##
## --------- ##

hostname = Zinga
uname -m = x86_64
uname -r = 3.6.5-0eeda3e1.x86_64
uname -s = MINGW64_NT-10.0-22631
uname -v = 2025-10-10 14:51 UTC

/usr/bin/uname -p = unknown
/bin/uname -X     = unknown

/bin/arch              = x86_64
/usr/bin/arch -k       = unknown
/usr/convex/getsysinfo = unknown
/usr/bin/hostinfo      = unknown
/bin/machine           = unknown
/usr/bin/oslevel       = unknown
/bin/universe          = unknown

PATH: /mingw64/bin/
PATH: /usr/local/bin/
PATH: /usr/bin/
PATH: /bin/
PATH: /c/Windows/System32/
PATH: /c/Windows/
PATH: /c/Windows/System32/Wbem/
PATH: /c/Windows/System32/WindowsPowerShell/v1.0/
PATH: /usr/bin/site_perl/
PATH: /usr/bin/vendor_perl/
PATH: /usr/bin/core_perl/


## ----------- ##
## Core tests. ##
## ----------- ##

configure:2128: loading site script /etc/config.site
| # This file is in public domain.
| # Original author: Karlson2k (Evgeny Grin)
| # Written for MSys2 to help running 'configure' scripts
| 
| # Defaults for MSys2/MinGW64-targeted programs
| 
| # Set proper selfname on bash and fallback to default name on other shells
| test -n "${BASH_SOURCE}" 2>/dev/null && config_site_me="${BASH_SOURCE[0]##*/}" || config_site_me=config.site
| 
| # Set default 'host' to speedup configure
| if test -z "$build_alias"; then
|   build_alias="${MSYSTEM_CHOST}"  && \
|     ${as_echo-echo} "$config_site_me:${as_lineno-$LINENO}: default build_alias set to $build_alias" >&5
| fi
| 
| # Set default 'prefix'
| if ( test -z "$prefix" || test "x$prefix" = "xNONE" ) && \
|     ( test -z "$exec_prefix" || test "x$exec_prefix" = "xNONE" ); then
|   prefix="${MSYSTEM_PREFIX}" && \
|     ${as_echo-echo} "$config_site_me:${as_lineno-$LINENO}: default prefix set to $prefix" >&5
| fi
config.site:13: default build_alias set to x86_64-w64-mingw32
config.site:20: default prefix set to /mingw64
configure:2720: looking for aux files: compile missing install-sh config.guess config.sub
configure:2733:  trying ./
configure:2762:   ./compile found
configure:2762:   ./missing found
configure:2744:   ./install-sh found
configure:2762:   ./config.guess found
configure:2762:   ./config.sub found
configure:2882: checking build system type
configure:2898: result: x86_64-w64-mingw32
configure:2918: checking host system type
configure:2933: result: x86_64-w64-mingw32
configure:2953: checking target system type
configure:2968: result: x86_64-w64-mingw32
configure:3011: checking for a BSD-compatible install
configure:3085: result: /usr/bin/install -c
configure:3096: checking whether sleep supports fractional seconds
configure:3112: result: yes
configure:3115: checking filesystem timestamp resolution
configure:3250: result: 0.01
configure:3255: checking whether build environment is sane
configure:3300: result: yes
configure:3345: WARNING: 'missing' script is too old or missing
configure:3471: checking for a race-free mkdir -p
configure:3514: result: /usr/bin/mkdir -p
configure:3521: checking for gawk
configure:3542: found /usr/bin/gawk
configure:3554: result: gawk
configure:3565: checking whether make sets $(MAKE)
configure:3589: result: yes
configure:3615: checking whether make supports nested variables
configure:3634: result: yes
configure:3648: checking xargs -n works
configure:3664: result: yes
configure:3750: checking whether UID '197609' is supported by ustar format
configure:3756: result: yes
configure:3763: checking whether GID '197609' is supported by ustar format
configure:3769: result: yes
configure:3777: checking how to create a ustar tar archive
configure:3788: tar --version
tar (GNU tar) 1.35
Copyright (C) 2023 Free Software Foundation, Inc.
License GPLv3+: GNU GPL version 3 or later <https://gnu.org/licenses/gpl.html>.
This is free software: you are free to change and redistribute it.
There is NO WARRANTY, to the extent permitted by law.

Written by John Gilmore and Jay Fenlason.
configure:3791: $? = 0
configure:3831: tardir=conftest.dir && eval tar --format=ustar -chf - "$tardir" >conftest.tar
configure:3834: $? = 0
configure:3838: tar -xf - <conftest.tar
configure:3841: $? = 0
configure:3843: cat conftest.dir/file
GrepMe
configure:3846: $? = 0
configure:3861: result: gnutar
configure:3954: checking for gcc
configure:3975: found /mingw64/bin/gcc
configure:3987: result: gcc
configure:4346: checking for C compiler version
configure:4355: gcc --version >&5
gcc.exe (Rev8, Built by MSYS2 project) 15.2.0
Copyright (C) 2025 Free Software Foundation, Inc.
This is free software; see the source for copying conditions.  There is NO
warranty; not even for MERCHANTABILITY or FITNESS FOR A PARTICULAR PURPOSE.

configure:4366: $? = 0
configure:4355: gcc -v >&5
Using built-in specs.
COLLECT_GCC=C:\msys64\mingw64\bin\gcc.exe
COLLECT_LTO_WRAPPER=C:/msys64/mingw64/bin/../lib/gcc/x86_64-w64-mingw32/15.2.0/lto-wrapper.exe
Target: x86_64-w64-mingw32
Configured with: ../gcc-15.2.0/configure --prefix=/mingw64 --with-local-prefix=/mingw64/local --with-native-system-header-dir=/mingw64/include --libexecdir=/mingw64/lib --enable-bootstrap --enable-checking=release --with-arch=nocona --with-tune=generic --enable-mingw-wildcard --enable-languages=c,lto,c++,fortran,ada,objc,obj-c++,jit --enable-shared --enable-static --enable-libatomic --enable-threads=posix --enable-graphite --enable-fully-dynamic-string --enable-libstdcxx-backtrace=yes --enable-libstdcxx-filesystem-ts --enable-libstdcxx-time --disable-libstdcxx-pch --enable-lto --enable-libgomp --disable-libssp --disable-multilib --disable-rpath --disable-win32-registry --disable-nls --disable-werror --disable-symvers --with-libiconv --with-system-zlib --with-gmp=/mingw64 --with-mpfr=/mingw64 --with-mpc=/mingw64 --with-isl=/mingw64 --with-pkgversion='Rev8, Built by MSYS2 project' --with-bugurl=https://github.com/msys2/MINGW-packages/issues --with-gnu-as --with-gnu-ld --with-libstdcxx-zoneinfo=yes --disable-libstdcxx-debug --enable-plugin --with-boot-ldflags=-static-libstdc++ --with-stage1-ldflags=-static-libstdc++
Thread model: posix
Supported LTO compression algorithms: zlib zstd
gcc version 15.2.0 (Rev8, Built by MSYS2 project) 
configure:4366: $? = 0
configure:4355: gcc -V >&5
gcc.exe: error: unrecognized command-line option '-V'
gcc.exe: fatal error: no input files
compilation terminated.
configure:4366: $? = 1
configure:4355: gcc -qversion >&5
gcc.exe: error: unrecognized command-line option '-qversion'; did you mean '--version'?
gcc.exe: fatal error: no input files
compilation terminated.
configure:4366: $? = 1
configure:4355: gcc -version >&5
gcc.exe: error: unrecognized command-line option '-version'
gcc.exe: fatal error: no input files
compilation terminated.
configure:4366: $? = 1
configure:4386: checking whether the C compiler works
configure:4408: gcc    conftest.c  >&5
configure:4412: $? = 0
configure:4463: result: yes
configure:4467: checking for C compiler default output file name
configure:4469: result: a.exe
configure:4475: checking for suffix of executables
configure:4482: gcc -o conftest.exe    conftest.c  >&5
configure:4486: $? = 0
configure:4510: result: .exe
configure:4534: checking whether we are cross compiling
configure:4542: gcc -o conftest.exe    conftest.c  >&5
configure:4546: $? = 0
configure:4553: ./conftest.exe
configure:4557: $? = 0
configure:4572: result: no
configure:4578: checking for suffix of object files
configure:4601: gcc -c   conftest.c >&5
configure:4605: $? = 0
configure:4629: result: o
configure:4633: checking whether the compiler supports GNU C
configure:4653: gcc -c   conftest.c >&5
configure:4653: $? = 0
configure:4665: result: yes
configure:4676: checking whether gcc accepts -g
configure:4697: gcc -c -g  conftest.c >&5
configure:4697: $? = 0
configure:4744: result: yes
configure:4764: checking for gcc option to enable C11 features
configure:4779: gcc  -c -g -O2  conftest.c >&5
configure:4779: $? = 0
configure:4798: result: none needed
configure:4922: checking whether gcc understands -c and -o together
configure:4945: gcc -c conftest.c -o conftest2.o
configure:4948: $? = 0
configure:4945: gcc -c conftest.c -o conftest2.o
configure:4948: $? = 0
configure:4964: result: yes
configure:4984: checking whether make supports the include directive
configure:4999: make -f confmf.GNU && cat confinc.out
this is the am__doit target
configure:5002: $? = 0
configure:5021: result: yes (GNU style)
configure:5047: checking dependency style of gcc
configure:5160: result: gcc3
configure:5245: checking for g++
configure:5266: found /mingw64/bin/g++
configure:5278: result: g++
configure:5305: checking for C++ compiler version
configure:5314: g++ --version >&5
g++.exe (Rev8, Built by MSYS2 project) 15.2.0
Copyright (C) 2025 Free Software Foundation, Inc.
This is free software; see the source for copying conditions.  There is NO
warranty; not even for MERCHANTABILITY or FITNESS FOR A PARTICULAR PURPOSE.

configure:5325: $? = 0
configure:5314: g++ -v >&5
Using built-in specs.
COLLECT_GCC=C:\msys64\mingw64\bin\g++.exe
COLLECT_LTO_WRAPPER=C:/msys64/mingw64/bin/../lib/gcc/x86_64-w64-mingw32/15.2.0/lto-wrapper.exe
Target: x86_64-w64-mingw32
Configured with: ../gcc-15.2.0/configure --prefix=/mingw64 --with-local-prefix=/mingw64/local --with-native-system-header-dir=/mingw64/include --libexecdir=/mingw64/lib --enable-bootstrap --enable-checking=release --with-arch=nocona --with-tune=generic --enable-mingw-wildcard --enable-languages=c,lto,c++,fortran,ada,objc,obj-c++,jit --enable-shared --enable-static --enable-libatomic --enable-threads=posix --enable-graphite --enable-fully-dynamic-string --enable-libstdcxx-backtrace=yes --enable-libstdcxx-filesystem-ts --enable-libstdcxx-time --disable-libstdcxx-pch --enable-lto --enable-libgomp --disable-libssp --disable-multilib --disable-rpath --disable-win32-registry --disable-nls --disable-werror --disable-symvers --with-libiconv --with-system-zlib --with-gmp=/mingw64 --with-mpfr=/mingw64 --with-mpc=/mingw64 --with-isl=/mingw64 --with-pkgversion='Rev8, Built by MSYS2 project' --with-bugurl=https://github.com/msys2/MINGW-packages/issues --with-gnu-as --with-gnu-ld --with-libstdcxx-zoneinfo=yes --disable-libstdcxx-debug --enable-plugin --with-boot-ldflags=-static-libstdc++ --with-stage1-ldflags=-static-libstdc++
Thread model: posix
Supported LTO compression algorithms: zlib zstd
gcc version 15.2.0 (Rev8, Built by MSYS2 project) 
configure:5325: $? = 0
configure:5314: g++ -V >&5
g++.exe: error: unrecognized command-line option '-V'
g++.exe: fatal error: no input files
compilation terminated.
configure:5325: $? = 1
configure:5314: g++ -qversion >&5
g++.exe: error: unrecognized command-line option '-qversion'; did you mean '--version'?
g++.exe: fatal error: no input files
compilation terminated.
configure:5325: $? = 1
configure:5329: checking whether the compiler supports GNU C++
configure:5349: g++ -c   conftest.cpp >&5
configure:5349: $? = 0
configure:5361: result: yes
configure:5372: checking whether g++ accepts -g
configure:5393: g++ -c -g  conftest.cpp >&5
configure:5393: $? = 0
configure:5440: result: yes
configure:5460: checking for g++ option to enable C++11 features
configure:5475: g++  -c -g -O2  conftest.cpp >&5
conftest.cpp: In function 'int main(int, char**)':
conftest.cpp:177:25: warning: empty parentheses were disambiguated as a function declaration [-Wvexing-parse]
  177 |   cxx11test::delegate d2();
      |                         ^~
conftest.cpp:177:25: note: remove parentheses to default-initialize a variable
  177 |   cxx11test::delegate d2();
      |                         ^~
      |                         --
conftest.cpp:177:25: note: or replace parentheses with braces to value-initialize a variable
configure:5475: $? = 0
configure:5494: result: none needed
configure:5565: checking dependency style of g++
configure:5678: result: gcc3
configure:5698: checking how to run the C preprocessor
configure:5724: gcc -E  conftest.c
configure:5724: $? = 0
configure:5740: gcc -E  conftest.c
conftest.c:11:10: fatal error: ac_nonexistent.h: No such file or directory
   11 | #include <ac_nonexistent.h>
      |          ^~~~~~~~~~~~~~~~~~
compilation terminated.
configure:5740: $? = 1
configure: failed program was:
| /* confdefs.h */
| #define PACKAGE_NAME ""
| #define PACKAGE_TARNAME ""
| #define PACKAGE_VERSION ""
| #define PACKAGE_STRING ""
| #define PACKAGE_BUGREPORT ""
| #define PACKAGE_URL ""
| #define PACKAGE "gltron"
| #define VERSION "0.70"
| /* end confdefs.h.  */
| #include <ac_nonexistent.h>
configure:5769: result: gcc -E
configure:5783: gcc -E  conftest.c
configure:5783: $? = 0
configure:5799: gcc -E  conftest.c
conftest.c:11:10: fatal error: ac_nonexistent.h: No such file or directory
   11 | #include <ac_nonexistent.h>
      |          ^~~~~~~~~~~~~~~~~~
compilation terminated.
configure:5799: $? = 1
configure: failed program was:
| /* confdefs.h */
| #define PACKAGE_NAME ""
| #define PACKAGE_TARNAME ""
| #define PACKAGE_VERSION ""
| #define PACKAGE_STRING ""
| #define PACKAGE_BUGREPORT ""
| #define PACKAGE_URL ""
| #define PACKAGE "gltron"
| #define VERSION "0.70"
| /* end confdefs.h.  */
| #include <ac_nonexistent.h>
configure:5880: checking for ranlib
configure:5901: found /mingw64/bin/ranlib
configure:5913: result: ranlib
configure:6056: checking for pkg-config
configure:6079: found /mingw64/bin/pkg-config
configure:6092: result: /mingw64/bin/pkg-config
configure:6117: checking pkg-config is at least version 0.9.0
configure:6120: result: yes
configure:6167: checking for sdl >= 1.1.0
configure:6174: $PKG_CONFIG --exists --print-errors "sdl >= $min_sdl_version"
configure:6177: $? = 0
configure:6191: $PKG_CONFIG --exists --print-errors "sdl >= $min_sdl_version"
configure:6194: $? = 0
configure:6232: result: yes
configure:6468: checking for main in -lopengl32
configure:6488: gcc -o conftest.exe -DSEPARATOR="'/'" -Wall -Os -IC:/msys64/mingw64/include/SDL -D_GNU_SOURCE=1 -Dmain=SDL_main   conftest.c -lopengl32   -lmingw32 -lSDLmain -lSDL >&5
conftest.c: In function 'SDL_main':
<command-line>: warning: infinite recursion detected [-Winfinite-recursion]
conftest.c:14:1: note: in expansion of macro 'main'
   14 | main (void)
      | ^~~~
<command-line>: note: recursive call
conftest.c:16:8: note: in expansion of macro 'main'
   16 | return main ();
      |        ^~~~
configure:6488: $? = 0
configure:6500: result: yes
configure:6552: checking for gzopen in -lz
configure:6581: gcc -o conftest.exe -DSEPARATOR="'/'" -Wall -Os -IC:/msys64/mingw64/include/SDL -D_GNU_SOURCE=1 -Dmain=SDL_main   conftest.c -lz   -lmingw32 -lSDLmain -lSDL -lopengl32 >&5
configure:6581: $? = 0
configure:6593: result: yes
configure:6606: checking for png_read_info in -lpng
configure:6635: gcc -o conftest.exe -DSEPARATOR="'/'" -Wall -Os -IC:/msys64/mingw64/include/SDL -D_GNU_SOURCE=1 -Dmain=SDL_main   conftest.c -lpng  -lz  -lmingw32 -lSDLmain -lSDL -lopengl32 >&5
configure:6635: $? = 0
configure:6647: result: yes
configure:7114: checking for stdio.h
configure:7114: gcc -c -DSEPARATOR="'/'" -Wall -Os -IC:/msys64/mingw64/include/SDL -D_GNU_SOURCE=1 -Dmain=SDL_main  conftest.c >&5
configure:7114: $? = 0
configure:7114: result: yes
configure:7114: checking for stdlib.h
configure:7114: gcc -c -DSEPARATOR="'/'" -Wall -Os -IC:/msys64/mingw64/include/SDL -D_GNU_SOURCE=1 -Dmain=SDL_main  conftest.c >&5
configure:7114: $? = 0
configure:7114: result: yes
configure:7114: checking for string.h
configure:7114: gcc -c -DSEPARATOR="'/'" -Wall -Os -IC:/msys64/mingw64/include/SDL -D_GNU_SOURCE=1 -Dmain=SDL_main  conftest.c >&5
configure:7114: $? = 0
configure:7114: result: yes
configure:7114: checking for inttypes.h
configure:7114: gcc -c -DSEPARATOR="'/'" -Wall -Os -IC:/msys64/mingw64/include/SDL -D_GNU_SOURCE=1 -Dmain=SDL_main  conftest.c >&5
configure:7114: $? = 0
configure:7114: result: yes
configure:7114: checking for stdint.h
configure:7114: gcc -c -DSEPARATOR="'/'" -Wall -Os -IC:/msys64/mingw64/include/SDL -D_GNU_SOURCE=1 -Dmain=SDL_main  conftest.c >&5
configure:7114: $? = 0
configure:7114: result: yes
configure:7114: checking for strings.h
configure:7114: gcc -c -DSEPARATOR="'/'" -Wall -Os -IC:/msys64/mingw64/include/SDL -D_GNU_SOURCE=1 -Dmain=SDL_main  conftest.c >&5
configure:7114: $? = 0
configure:7114: result: yes
configure:7114: checking for sys/stat.h
configure:7114: gcc -c -DSEPARATOR="'/'" -Wall -Os -IC:/msys64/mingw64/include/SDL -D_GNU_SOURCE=1 -Dmain=SDL_main  conftest.c >&5
configure:7114: $? = 0
configure:7114: result: yes
configure:7114: checking for sys/types.h
configure:7114: gcc -c -DSEPARATOR="'/'" -Wall -Os -IC:/msys64/mingw64/include/SDL -D_GNU_SOURCE=1 -Dmain=SDL_main  conftest.c >&5
configure:7114: $? = 0
configure:7114: result: yes
configure:7114: checking for unistd.h
configure:7114: gcc -c -DSEPARATOR="'/'" -Wall -Os -IC:/msys64/mingw64/include/SDL -D_GNU_SOURCE=1 -Dmain=SDL_main  conftest.c >&5
configure:7114: $? = 0
configure:7114: result: yes
configure:7139: checking for grep that handles long lines and -e
configure:7205: result: /usr/bin/grep
configure:7210: checking for egrep
configure:7280: result: /usr/bin/grep -E
configure:7288: checking for unistd.h
configure:7288: result: yes
configure:7298: checking for GL/gl.h
configure:7298: gcc -c -DSEPARATOR="'/'" -Wall -Os -IC:/msys64/mingw64/include/SDL -D_GNU_SOURCE=1 -Dmain=SDL_main  conftest.c >&5
configure:7298: $? = 0
configure:7298: result: yes
configure:7343: checking for an ANSI C-conforming const
configure:7410: gcc -c -DSEPARATOR="'/'" -Wall -Os -IC:/msys64/mingw64/include/SDL -D_GNU_SOURCE=1 -Dmain=SDL_main  conftest.c >&5
configure:7410: $? = 0
configure:7420: result: yes
configure:7429: checking for strstr
configure:7429: gcc -o conftest.exe -DSEPARATOR="'/'" -Wall -Os -IC:/msys64/mingw64/include/SDL -D_GNU_SOURCE=1 -Dmain=SDL_main   conftest.c -lpng -lz  -lmingw32 -lSDLmain -lSDL -lopengl32 >&5
conftest.c:41:6: warning: conflicting types for built-in function 'strstr'; expected 'char *(const char *, const char *)' [-Wbuiltin-declaration-mismatch]
   41 | char strstr (void);
      |      ^~~~~~
conftest.c:33:1: note: 'strstr' is declared in header '<string.h>'
   32 | #include <limits.h>
   33 | #undef strstr
configure:7429: $? = 0
configure:7429: result: yes
configure:7435: checking for mkstemp
configure:7435: gcc -o conftest.exe -DSEPARATOR="'/'" -Wall -Os -IC:/msys64/mingw64/include/SDL -D_GNU_SOURCE=1 -Dmain=SDL_main   conftest.c -lpng -lz  -lmingw32 -lSDLmain -lSDL -lopengl32 >&5
configure:7435: $? = 0
configure:7435: result: yes
configure:7590: checking that generated files are newer than configure
configure:7596: result: done
configure:7635: creating ./config.status

## ---------------------- ##
## Running config.status. ##
## ---------------------- ##

This file was extended by config.status, which was
generated by GNU Autoconf 2.72.  Invocation command line was

  CONFIG_FILES    = 
  CONFIG_HEADERS  = 
  CONFIG_LINKS    = 
  CONFIG_COMMANDS = 
  $ ./config.status 

on Zinga

config.status:846: creating Makefile
config.status:846: creating lua/Makefile
config.status:846: creating lua/include/Makefile
config.status:846: creating lua/src/Makefile
config.status:846: creating lua/src/lib/Makefile
config.status:846: creating nebu/Makefile
config.status:846: creating nebu/include/Makefile
config.status:846: creating nebu/include/audio/Makefile
config.status:846: creating nebu/include/base/Makefile
config.status:846: creating nebu/include/filesystem/Makefile
config.status:846: creating nebu/include/input/Makefile
config.status:846: creating nebu/include/scripting/Makefile
config.status:846: creating nebu/include/video/Makefile
config.status:846: creating nebu/base/Makefile
config.status:846: creating nebu/filesystem/Makefile
config.status:846: creating nebu/scripting/Makefile
config.status:846: creating nebu/input/Makefile
config.status:846: creating nebu/video/Makefile
config.status:846: creating nebu/audio/Makefile
config.status:846: creating src/Makefile
config.status:846: creating src/include/Makefile
config.status:846: creating src/include/audio/Makefile
config.status:846: creating src/include/base/Makefile
config.status:846: creating src/include/configuration/Makefile
config.status:846: creating src/include/filesystem/Makefile
config.status:846: creating src/include/game/Makefile
config.status:846: creating src/include/input/Makefile
config.status:846: creating src/include/scripting/Makefile
config.status:846: creating src/include/video/Makefile
config.status:846: creating src/base/Makefile
config.status:846: creating src/filesystem/Makefile
config.status:846: creating src/configuration/Makefile
config.status:846: creating src/audio/Makefile
config.status:846: creating src/video/Makefile
config.status:846: creating src/input/Makefile
config.status:846: creating src/game/Makefile
config.status:846: creating art/Makefile
config.status:846: creating art/default/Makefile
config.status:846: creating data/Makefile
config.status:846: creating music/Makefile
config.status:846: creating scripts/Makefile
config.status:1018: executing depfiles commands
config.status:1093: cd .       && sed -e '/# am--include-marker/d' Makefile         | make -f - am--depfiles
make: Nothing to be done for 'am--depfiles'.
config.status:1100: $? = 0
config.status:1093: cd lua/src       && sed -e '/# am--include-marker/d' Makefile         | make -f - am--depfiles
make: Nothing to be done for 'am--depfiles'.
config.status:1100: $? = 0
config.status:1093: cd lua/src/lib       && sed -e '/# am--include-marker/d' Makefile         | make -f - am--depfiles
make: Nothing to be done for 'am--depfiles'.
config.status:1100: $? = 0
config.status:1093: cd nebu/base       && sed -e '/# am--include-marker/d' Makefile         | make -f - am--depfiles
make: Nothing to be done for 'am--depfiles'.
config.status:1100: $? = 0
config.status:1093: cd nebu/filesystem       && sed -e '/# am--include-marker/d' Makefile         | make -f - am--depfiles
make: Nothing to be done for 'am--depfiles'.
config.status:1100: $? = 0
config.status:1093: cd nebu/scripting       && sed -e '/# am--include-marker/d' Makefile         | make -f - am--depfiles
make: Nothing to be done for 'am--depfiles'.
config.status:1100: $? = 0
config.status:1093: cd nebu/input       && sed -e '/# am--include-marker/d' Makefile         | make -f - am--depfiles
make: Nothing to be done for 'am--depfiles'.
config.status:1100: $? = 0
config.status:1093: cd nebu/video       && sed -e '/# am--include-marker/d' Makefile         | make -f - am--depfiles
make: Nothing to be done for 'am--depfiles'.
config.status:1100: $? = 0
config.status:1093: cd nebu/audio       && sed -e '/# am--include-marker/d' Makefile         | make -f - am--depfiles
make: Nothing to be done for 'am--depfiles'.
config.status:1100: $? = 0
config.status:1093: cd src/base       && sed -e '/# am--include-marker/d' Makefile         | make -f - am--depfiles
make: Nothing to be done for 'am--depfiles'.
config.status:1100: $? = 0
config.status:1093: cd src/filesystem       && sed -e '/# am--include-marker/d' Makefile         | make -f - am--depfiles
make: Nothing to be done for 'am--depfiles'.
config.status:1100: $? = 0
config.status:1093: cd src/configuration       && sed -e '/# am--include-marker/d' Makefile         | make -f - am--depfiles
make: Nothing to be done for 'am--depfiles'.
config.status:1100: $? = 0
config.status:1093: cd src/audio       && sed -e '/# am--include-marker/d' Makefile         | make -f - am--depfiles
make: Nothing to be done for 'am--depfiles'.
config.status:1100: $? = 0
config.status:1093: cd src/video       && sed -e '/# am--include-marker/d' Makefile         | make -f - am--depfiles
make: Nothing to be done for 'am--depfiles'.
config.status:1100: $? = 0
config.status:1093: cd src/input       && sed -e '/# am--include-marker/d' Makefile         | make -f - am--depfiles
make: Nothing to be done for 'am--depfiles'.
config.status:1100: $? = 0
config.status:1093: cd src/game       && sed -e '/# am--include-marker/d' Makefile         | make -f - am--depfiles
make: Nothing to be done for 'am--depfiles'.
config.status:1100: $? = 0

## ---------------- ##
## Cache variables. ##
## ---------------- ##

ac_cv_build=x86_64-w64-mingw32
ac_cv_c_compiler_gnu=yes
ac_cv_c_const=yes
ac_cv_cxx_compiler_gnu=yes
ac_cv_env_CCC_set=
ac_cv_env_CCC_value=
ac_cv_env_CC_set=
ac_cv_env_CC_value=
ac_cv_env_CFLAGS_set=
ac_cv_env_CFLAGS_value=
ac_cv_env_CPPFLAGS_set=
ac_cv_env_CPPFLAGS_value=
ac_cv_env_CPP_set=
ac_cv_env_CPP_value=
ac_cv_env_CXXFLAGS_set=
ac_cv_env_CXXFLAGS_value=
ac_cv_env_CXX_set=
ac_cv_env_CXX_value=
ac_cv_env_LDFLAGS_set=
ac_cv_env_LDFLAGS_value=
ac_cv_env_LIBS_set=
ac_cv_env_LIBS_value=
ac_cv_env_PKG_CONFIG_LIBDIR_set=
ac_cv_env_PKG_CONFIG_LIBDIR_value=
ac_cv_env_PKG_CONFIG_PATH_set=set
ac_cv_env_PKG_CONFIG_PATH_value=/mingw64/lib/pkgconfig:/mingw64/share/pkgconfig
ac_cv_env_PKG_CONFIG_set=
ac_cv_env_PKG_CONFIG_value=
ac_cv_env_SDL_CFLAGS_set=
ac_cv_env_SDL_CFLAGS_value=
ac_cv_env_SDL_LIBS_set=
ac_cv_env_SDL_LIBS_value=
ac_cv_env_build_alias_set=
ac_cv_env_build_alias_value=
ac_cv_env_host_alias_set=
ac_cv_env_host_alias_value=
ac_cv_env_target_alias_set=
ac_cv_env_target_alias_value=
ac_cv_exeext=.exe
ac_cv_func_mkstemp=yes
ac_cv_func_strstr=yes
ac_cv_header_GL_gl_h=yes
ac_cv_header_inttypes_h=yes
ac_cv_header_stdint_h=yes
ac_cv_header_stdio_h=yes
ac_cv_header_stdlib_h=yes
ac_cv_header_string_h=yes
ac_cv_header_strings_h=yes
ac_cv_header_sys_stat_h=yes
ac_cv_header_sys_types_h=yes
ac_cv_header_unistd_h=yes
ac_cv_host=x86_64-w64-mingw32
ac_cv_lib_opengl32_main=yes
ac_cv_lib_png_png_read_info=yes
ac_cv_lib_z_gzopen=yes
ac_cv_objext=o
ac_cv_path_EGREP='/usr/bin/grep -E'
ac_cv_path_EGREP_TRADITIONAL='/usr/bin/grep -E'
ac_cv_path_GREP=/usr/bin/grep
ac_cv_path_ac_pt_PKG_CONFIG=/mingw64/bin/pkg-config
ac_cv_path_install='/usr/bin/install -c'
ac_cv_path_mkdir=/usr/bin/mkdir
ac_cv_prog_AWK=gawk
ac_cv_prog_CPP='gcc -E'
ac_cv_prog_ac_ct_CC=gcc
ac_cv_prog_ac_ct_CXX=g++
ac_cv_prog_ac_ct_RANLIB=ranlib
ac_cv_prog_cc_c11=
ac_cv_prog_cc_g=yes
ac_cv_prog_cc_stdc=
ac_cv_prog_cxx_cxx11=
ac_cv_prog_cxx_g=yes
ac_cv_prog_cxx_stdcxx=
ac_cv_prog_make_make_set=yes
ac_cv_target=x86_64-w64-mingw32
am_cv_CC_dependencies_compiler_type=gcc3
am_cv_CXX_dependencies_compiler_type=gcc3
am_cv_filesystem_timestamp_resolution=0.01
am_cv_make_support_nested_variables=yes
am_cv_prog_cc_c_o=yes
am_cv_prog_tar_ustar=gnutar
am_cv_sleep_fractional_seconds=yes
am_cv_xargs_n_works=yes
pkg_cv_SDL_CFLAGS='-IC:/msys64/mingw64/include/SDL -D_GNU_SOURCE=1 -Dmain=SDL_main'
pkg_cv_SDL_LIBS='-lmingw32 -lSDLmain -lSDL'

## ----------------- ##
## Output variables. ##
## ----------------- ##

ACLOCAL='aclocal-1.18'
AMDEPBACKSLASH='\'
AMDEP_FALSE='#'
AMDEP_TRUE=''
AMTAR='$${TAR-tar}'
AM_BACKSLASH='\'
AM_DEFAULT_V='$(AM_DEFAULT_VERBOSITY)'
AM_DEFAULT_VERBOSITY='1'
AM_V='$(V)'
AUTOCONF='autoconf'
AUTOHEADER='autoheader'
AUTOMAKE='automake-1.18'
AWK='gawk'
CC='gcc'
CCDEPMODE='depmode=gcc3'
CFLAGS='-DSEPARATOR="'\''/'\''" -Wall -Os -IC:/msys64/mingw64/include/SDL -D_GNU_SOURCE=1 -Dmain=SDL_main'
CPP='gcc -E'
CPPFLAGS='  -DLOCAL_DATA -DSNAP_DIR=\"~\" -DPREF_DIR=\"~\"'
CSCOPE='cscope'
CTAGS='ctags'
CXX='g++'
CXXDEPMODE='depmode=gcc3'
CXXFLAGS='-g -O2 -Os -IC:/msys64/mingw64/include/SDL -D_GNU_SOURCE=1 -Dmain=SDL_main'
CYGPATH_W='cygpath -w'
DEFS='-DPACKAGE_NAME=\"\" -DPACKAGE_TARNAME=\"\" -DPACKAGE_VERSION=\"\" -DPACKAGE_STRING=\"\" -DPACKAGE_BUGREPORT=\"\" -DPACKAGE_URL=\"\" -DPACKAGE=\"gltron\" -DVERSION=\"0.70\" -DHAVE_LIBZ=1 -DHAVE_LIBPNG=1 -DHAVE_STDIO_H=1 -DHAVE_STDLIB_H=1 -DHAVE_STRING_H=1 -DHAVE_INTTYPES_H=1 -DHAVE_STDINT_H=1 -DHAVE_STRINGS_H=1 -DHAVE_SYS_STAT_H=1 -DHAVE_SYS_TYPES_H=1 -DHAVE_UNISTD_H=1 -DSTDC_HEADERS=1 -DHAVE_UNISTD_H=1 -DHAVE_GL_GL_H=1 -DHAVE_STRSTR=1 -DHAVE_MKSTEMP=1'
DEPDIR='.deps'
ECHO_C=''
ECHO_N='-n'
ECHO_T=''
EGREP='/usr/bin/grep -E'
ETAGS='etags'
EXEEXT='.exe'
GREP='/usr/bin/grep'
INSTALL_DATA='${INSTALL} -m 644'
INSTALL_PROGRAM='${INSTALL}'
INSTALL_SCRIPT='${INSTALL}'
INSTALL_STRIP_PROGRAM='$(install_sh) -c -s'
LDFLAGS=''
LIBOBJS=''
LIBS='-lpng -lz  -lmingw32 -lSDLmain -lSDL -lopengl32'
LTLIBOBJS=''
MAKEINFO='makeinfo'
MKDIR_P='/usr/bin/mkdir -p'
NETWORK_OBJS=''
OBJEXT='o'
PACKAGE='gltron'
PACKAGE_BUGREPORT=''
PACKAGE_NAME=''
PACKAGE_STRING=''
PACKAGE_TARNAME=''
PACKAGE_URL=''
PACKAGE_VERSION=''
PATH_SEPARATOR=':'
PKG_CONFIG='/mingw64/bin/pkg-config'
PKG_CONFIG_LIBDIR=''
PKG_CONFIG_PATH='/mingw64/lib/pkgconfig:/mingw64/share/pkgconfig'
RANLIB='ranlib'
SDL_CFLAGS='-IC:/msys64/mingw64/include/SDL -D_GNU_SOURCE=1 -Dmain=SDL_main'
SDL_CONFIG='pkg-config sdl'
SDL_LIBS='-lmingw32 -lSDLmain -lSDL'
SET_MAKE=''
SHELL='/bin/sh'
SOUND_OBJS='sound_stubs.o sound_glue_stubs.o'
STRIP=''
VERSION='0.70'
ac_ct_CC='gcc'
ac_ct_CXX='g++'
am__EXEEXT_FALSE='#'
am__EXEEXT_TRUE=''
am__fastdepCC_FALSE='#'
am__fastdepCC_TRUE=''
am__fastdepCXX_FALSE='#'
am__fastdepCXX_TRUE=''
am__include='include'
am__isrc=''
am__leading_dot='.'
am__nodep='_no'
am__quote=''
am__rm_f_notfound=''
am__tar='tar --format=ustar -chf - "$$tardir"'
am__untar='tar -xf -'
am__xargs_n='xargs -n'
bindir='${exec_prefix}/bin'
build='x86_64-w64-mingw32'
build_alias='x86_64-w64-mingw32'
build_cpu='x86_64'
build_os='mingw32'
build_vendor='w64'
datadir='${datarootdir}'
datarootdir='${prefix}/share'
docdir='${datarootdir}/doc/${PACKAGE}'
dvidir='${docdir}'
exec_prefix='${prefix}'
host='x86_64-w64-mingw32'
host_alias=''
host_cpu='x86_64'
host_os='mingw32'
host_vendor='w64'
htmldir='${docdir}'
includedir='${prefix}/include'
infodir='${datarootdir}/info'
install_sh='${SHELL} /c/Users/ammon/gltron-0.70Second/install-sh'
libdir='${exec_prefix}/lib'
libexecdir='${exec_prefix}/libexec'
localedir='${datarootdir}/locale'
localstatedir='${prefix}/var'
mandir='${datarootdir}/man'
mkdir_p='$(MKDIR_P)'
oldincludedir='/usr/include'
pdfdir='${docdir}'
prefix='/mingw64'
program_transform_name='s,x,x,'
psdir='${docdir}'
runstatedir='${localstatedir}/run'
sbindir='${exec_prefix}/sbin'
sharedstatedir='${prefix}/com'
sysconfdir='${prefix}/etc'
target='x86_64-w64-mingw32'
target_alias=''
target_cpu='x86_64'
target_os='mingw32'
target_vendor='w64'

## ----------- ##
## confdefs.h. ##
## ----------- ##

/* confdefs.h */
#define PACKAGE_NAME ""
#define PACKAGE_TARNAME ""
#define PACKAGE_VERSION ""
#define PACKAGE_STRING ""
#define PACKAGE_BUGREPORT ""
#define PACKAGE_URL ""
#define PACKAGE "gltron"
#define VERSION "0.70"
#define HAVE_LIBZ 1
#define HAVE_LIBPNG 1
#define HAVE_STDIO_H 1
#define HAVE_STDLIB_H 1
#define HAVE_STRING_H 1
#define HAVE_INTTYPES_H 1
#define HAVE_STDINT_H 1
#define HAVE_STRINGS_H 1
#define HAVE_SYS_STAT_H 1
#define HAVE_SYS_TYPES_H 1
#define HAVE_UNISTD_H 1
#define STDC_HEADERS 1
#define HAVE_UNISTD_H 1
#define HAVE_GL_GL_H 1
#define HAVE_STRSTR 1
#define HAVE_MKSTEMP 1

configure: exit 0

## ---------------------- ##
## Running config.status. ##
## ---------------------- ##

This file was extended by config.status, which was
generated by GNU Autoconf 2.72.  Invocation command line was

  CONFIG_FILES    = 
  CONFIG_HEADERS  = 
  CONFIG_LINKS    = 
  CONFIG_COMMANDS = 
  $ ./config.status nebu/audio/Makefile depfiles

on Zinga

config.status:846: creating nebu/audio/Makefile
config.status:1018: executing depfiles commands

## ---------------------- ##
## Running config.status. ##
## ---------------------- ##

This file was extended by config.status, which was
generated by GNU Autoconf 2.72.  Invocation command line was

  CONFIG_FILES    = 
  CONFIG_HEADERS  = 
  CONFIG_LINKS    = 
  CONFIG_COMMANDS = 
  $ ./config.status src/audio/Makefile depfiles

on Zinga

config.status:846: creating src/audio/Makefile
config.status:1018: executing depfiles commands

## ---------------------- ##
## Running config.status. ##
## ---------------------- ##

This file was extended by config.status, which was
generated by GNU Autoconf 2.72.  Invocation command line was

  CONFIG_FILES    = 
  CONFIG_HEADERS  = 
  CONFIG_LINKS    = 
  CONFIG_COMMANDS = 
  $ ./config.status src/audio/Makefile

on Zinga

config.status:846: creating src/audio/Makefile

## ---------------------- ##
## Running config.status. ##
## ---------------------- ##

This file was extended by config.status, which was
generated by GNU Autoconf 2.72.  Invocation command line was

  CONFIG_FILES    = 
  CONFIG_HEADERS  = 
  CONFIG_LINKS    = 
  CONFIG_COMMANDS = 
  $ ./config.status src/filesystem/Makefile depfiles

on Zinga

config.status:846: creating src/filesystem/Makefile
config.status:1018: executing depfiles commands
config.status:1093: cd src/filesystem       && sed -e '/# am--include-marker/d' Makefile         | make -f - am--depfiles
make[3]: Entering directory '/c/Users/ammon/gltron-0.70Second/src/filesystem'
make[3]: Leaving directory '/c/Users/ammon/gltron-0.70Second/src/filesystem'
config.status:1100: $? = 0

## ---------------------- ##
## Running config.status. ##
## ---------------------- ##

This file was extended by config.status, which was
generated by GNU Autoconf 2.72.  Invocation command line was

  CONFIG_FILES    = 
  CONFIG_HEADERS  = 
  CONFIG_LINKS    = 
  CONFIG_COMMANDS = 
  $ ./config.status Makefile depfiles

on Zinga

config.status:846: creating Makefile
config.status:1018: executing depfiles commands
config.status:1093: cd .       && sed -e '/# am--include-marker/d' Makefile         | make -f - am--depfiles
make[1]: Entering directory '/c/Users/ammon/gltron-0.70Second'
make[1]: Nothing to be done for 'am--depfiles'.
make[1]: Leaving directory '/c/Users/ammon/gltron-0.70Second'
config.status:1100: $? = 0

## ---------------------- ##
## Running config.status. ##
## ---------------------- ##

This file was extended by config.status, which was
generated by GNU Autoconf 2.72.  Invocation command line was

  CONFIG_FILES    = 
  CONFIG_HEADERS  = 
  CONFIG_LINKS    = 
  CONFIG_COMMANDS = 
  $ ./config.status lua/Makefile

on Zinga

config.status:846: creating lua/Makefile

## ---------------------- ##
## Running config.status. ##
## ---------------------- ##

This file was extended by config.status, which was
generated by GNU Autoconf 2.72.  Invocation command line was

  CONFIG_FILES    = 
  CONFIG_HEADERS  = 
  CONFIG_LINKS    = 
  CONFIG_COMMANDS = 
  $ ./config.status lua/src/Makefile depfiles

on Zinga

config.status:846: creating lua/src/Makefile
config.status:1018: executing depfiles commands
config.status:1093: cd lua/src       && sed -e '/# am--include-marker/d' Makefile         | make -f - am--depfiles
make[3]: Entering directory '/c/Users/ammon/gltron-0.70Second/lua/src'
make[3]: Nothing to be done for 'am--depfiles'.
make[3]: Leaving directory '/c/Users/ammon/gltron-0.70Second/lua/src'
config.status:1100: $? = 0

## ---------------------- ##
## Running config.status. ##
## ---------------------- ##

This file was extended by config.status, which was
generated by GNU Autoconf 2.72.  Invocation command line was

  CONFIG_FILES    = 
  CONFIG_HEADERS  = 
  CONFIG_LINKS    = 
  CONFIG_COMMANDS = 
  $ ./config.status lua/src/lib/Makefile depfiles

on Zinga

config.status:846: creating lua/src/lib/Makefile
config.status:1018: executing depfiles commands
config.status:1093: cd lua/src/lib       && sed -e '/# am--include-marker/d' Makefile         | make -f - am--depfiles
make[4]: Entering directory '/c/Users/ammon/gltron-0.70Second/lua/src/lib'
make[4]: Nothing to be done for 'am--depfiles'.
make[4]: Leaving directory '/c/Users/ammon/gltron-0.70Second/lua/src/lib'
config.status:1100: $? = 0

## ---------------------- ##
## Running config.status. ##
## ---------------------- ##

This file was extended by config.status, which was
generated by GNU Autoconf 2.72.  Invocation command line was

  CONFIG_FILES    = 
  CONFIG_HEADERS  = 
  CONFIG_LINKS    = 
  CONFIG_COMMANDS = 
  $ ./config.status lua/include/Makefile

on Zinga

config.status:846: creating lua/include/Makefile

## ---------------------- ##
## Running config.status. ##
## ---------------------- ##

This file was extended by config.status, which was
generated by GNU Autoconf 2.72.  Invocation command line was

  CONFIG_FILES    = 
  CONFIG_HEADERS  = 
  CONFIG_LINKS    = 
  CONFIG_COMMANDS = 
  $ ./config.status nebu/Makefile

on Zinga

config.status:846: creating nebu/Makefile

## ---------------------- ##
## Running config.status. ##
## ---------------------- ##

This file was extended by config.status, which was
generated by GNU Autoconf 2.72.  Invocation command line was

  CONFIG_FILES    = 
  CONFIG_HEADERS  = 
  CONFIG_LINKS    = 
  CONFIG_COMMANDS = 
  $ ./config.status nebu/include/Makefile

on Zinga

config.status:846: creating nebu/include/Makefile

## ---------------------- ##
## Running config.status. ##
## ---------------------- ##

This file was extended by config.status, which was
generated by GNU Autoconf 2.72.  Invocation command line was

  CONFIG_FILES    = 
  CONFIG_HEADERS  = 
  CONFIG_LINKS    = 
  CONFIG_COMMANDS = 
  $ ./config.status nebu/include/audio/Makefile

on Zinga

config.status:846: creating nebu/include/audio/Makefile

## ---------------------- ##
## Running config.status. ##
## ---------------------- ##

This file was extended by config.status, which was
generated by GNU Autoconf 2.72.  Invocation command line was

  CONFIG_FILES    = 
  CONFIG_HEADERS  = 
  CONFIG_LINKS    = 
  CONFIG_COMMANDS = 
  $ ./config.status nebu/include/base/Makefile

on Zinga

config.status:846: creating nebu/include/base/Makefile

## ---------------------- ##
## Running config.status. ##
## ---------------------- ##

This file was extended by config.status, which was
generated by GNU Autoconf 2.72.  Invocation command line was

  CONFIG_FILES    = 
  CONFIG_HEADERS  = 
  CONFIG_LINKS    = 
  CONFIG_COMMANDS = 
  $ ./config.status nebu/include/filesystem/Makefile

on Zinga

config.status:846: creating nebu/include/filesystem/Makefile

## ---------------------- ##
## Running config.status. ##
## ---------------------- ##

This file was extended by config.status, which was
generated by GNU Autoconf 2.72.  Invocation command line was

  CONFIG_FILES    = 
  CONFIG_HEADERS  = 
  CONFIG_LINKS    = 
  CONFIG_COMMANDS = 
  $ ./config.status nebu/include/input/Makefile

on Zinga

config.status:846: creating nebu/include/input/Makefile

## ---------------------- ##
## Running config.status. ##
## ---------------------- ##

This file was extended by config.status, which was
generated by GNU Autoconf 2.72.  Invocation command line was

  CONFIG_FILES    = 
  CONFIG_HEADERS  = 
  CONFIG_LINKS    = 
  CONFIG_COMMANDS = 
  $ ./config.status nebu/include/scripting/Makefile

on Zinga

config.status:846: creating nebu/include/scripting/Makefile

## ---------------------- ##
## Running config.status. ##
## ---------------------- ##

This file was extended by config.status, which was
generated by GNU Autoconf 2.72.  Invocation command line was

  CONFIG_FILES    = 
  CONFIG_HEADERS  = 
  CONFIG_LINKS    = 
  CONFIG_COMMANDS = 
  $ ./config.status nebu/include/video/Makefile

on Zinga

config.status:846: creating nebu/include/video/Makefile

## ---------------------- ##
## Running config.status. ##
## ---------------------- ##

This file was extended by config.status, which was
generated by GNU Autoconf 2.72.  Invocation command line was

  CONFIG_FILES    = 
  CONFIG_HEADERS  = 
  CONFIG_LINKS    = 
  CONFIG_COMMANDS = 
  $ ./config.status nebu/base/Makefile depfiles

on Zinga

config.status:846: creating nebu/base/Makefile
config.status:1018: executing depfiles commands
config.status:1093: cd nebu/base       && sed -e '/# am--include-marker/d' Makefile         | make -f - am--depfiles
make[3]: Entering directory '/c/Users/ammon/gltron-0.70Second/nebu/base'
make[3]: Nothing to be done for 'am--depfiles'.
make[3]: Leaving directory '/c/Users/ammon/gltron-0.70Second/nebu/base'
config.status:1100: $? = 0

## ---------------------- ##
## Running config.status. ##
## ---------------------- ##

This file was extended by config.status, which was
generated by GNU Autoconf 2.72.  Invocation command line was

  CONFIG_FILES    = 
  CONFIG_HEADERS  = 
  CONFIG_LINKS    = 
  CONFIG_COMMANDS = 
  $ ./config.status nebu/filesystem/Makefile depfiles

on Zinga

config.status:846: creating nebu/filesystem/Makefile
config.status:1018: executing depfiles commands
config.status:1093: cd nebu/filesystem       && sed -e '/# am--include-marker/d' Makefile         | make -f - am--depfiles
make[3]: Entering directory '/c/Users/ammon/gltron-0.70Second/nebu/filesystem'
make[3]: Nothing to be done for 'am--depfiles'.
make[3]: Leaving directory '/c/Users/ammon/gltron-0.70Second/nebu/filesystem'
config.status:1100: $? = 0

## ---------------------- ##
## Running config.status. ##
## ---------------------- ##

This file was extended by config.status, which was
generated by GNU Autoconf 2.72.  Invocation command line was

  CONFIG_FILES    = 
  CONFIG_HEADERS  = 
  CONFIG_LINKS    = 
  CONFIG_COMMANDS = 
  $ ./config.status nebu/scripting/Makefile depfiles

on Zinga

config.status:846: creating nebu/scripting/Makefile
config.status:1018: executing depfiles commands
config.status:1093: cd nebu/scripting       && sed -e '/# am--include-marker/d' Makefile         | make -f - am--depfiles
make[3]: Entering directory '/c/Users/ammon/gltron-0.70Second/nebu/scripting'
make[3]: Nothing to be done for 'am--depfiles'.
make[3]: Leaving directory '/c/Users/ammon/gltron-0.70Second/nebu/scripting'
config.status:1100: $? = 0

## ---------------------- ##
## Running config.status. ##
## ---------------------- ##

This file was extended by config.status, which was
generated by GNU Autoconf 2.72.  Invocation command line was

  CONFIG_FILES    = 
  CONFIG_HEADERS  = 
  CONFIG_LINKS    = 
  CONFIG_COMMANDS = 
  $ ./config.status nebu/audio/Makefile

on Zinga

config.status:846: creating nebu/audio/Makefile

## ---------------------- ##
## Running config.status. ##
## ---------------------- ##

This file was extended by config.status, which was
generated by GNU Autoconf 2.72.  Invocation command line was

  CONFIG_FILES    = 
  CONFIG_HEADERS  = 
  CONFIG_LINKS    = 
  CONFIG_COMMANDS = 
  $ ./config.status nebu/video/Makefile depfiles

on Zinga

config.status:846: creating nebu/video/Makefile
config.status:1018: executing depfiles commands
config.status:1093: cd nebu/video       && sed -e '/# am--include-marker/d' Makefile         | make -f - am--depfiles
make[3]: Entering directory '/c/Users/ammon/gltron-0.70Second/nebu/video'
make[3]: Nothing to be done for 'am--depfiles'.
make[3]: Leaving directory '/c/Users/ammon/gltron-0.70Second/nebu/video'
config.status:1100: $? = 0

## ---------------------- ##
## Running config.status. ##
## ---------------------- ##

This file was extended by config.status, which was
generated by GNU Autoconf 2.72.  Invocation command line was

  CONFIG_FILES    = 
  CONFIG_HEADERS  = 
  CONFIG_LINKS    = 
  CONFIG_COMMANDS = 
  $ ./config.status nebu/input/Makefile depfiles

on Zinga

config.status:846: creating nebu/input/Makefile
config.status:1018: executing depfiles commands
config.status:1093: cd nebu/input       && sed -e '/# am--include-marker/d' Makefile         | make -f - am--depfiles
make[3]: Entering directory '/c/Users/ammon/gltron-0.70Second/nebu/input'
make[3]: Nothing to be done for 'am--depfiles'.
make[3]: Leaving directory '/c/Users/ammon/gltron-0.70Second/nebu/input'
config.status:1100: $? = 0

## ---------------------- ##
## Running config.status. ##
## ---------------------- ##

This file was extended by config.status, which was
generated by GNU Autoconf 2.72.  Invocation command line was

  CONFIG_FILES    = 
  CONFIG_HEADERS  = 
  CONFIG_LINKS    = 
  CONFIG_COMMANDS = 
  $ ./config.status src/Makefile

on Zinga

config.status:846: creating src/Makefile

## ---------------------- ##
## Running config.status. ##
## ---------------------- ##

This file was extended by config.status, which was
generated by GNU Autoconf 2.72.  Invocation command line was

  CONFIG_FILES    = 
  CONFIG_HEADERS  = 
  CONFIG_LINKS    = 
  CONFIG_COMMANDS = 
  $ ./config.status src/include/Makefile

on Zinga

config.status:846: creating src/include/Makefile

## ---------------------- ##
## Running config.status. ##
## ---------------------- ##

This file was extended by config.status, which was
generated by GNU Autoconf 2.72.  Invocation command line was

  CONFIG_FILES    = 
  CONFIG_HEADERS  = 
  CONFIG_LINKS    = 
  CONFIG_COMMANDS = 
  $ ./config.status src/include/audio/Makefile

on Zinga

config.status:846: creating src/include/audio/Makefile

## ---------------------- ##
## Running config.status. ##
## ---------------------- ##

This file was extended by config.status, which was
generated by GNU Autoconf 2.72.  Invocation command line was

  CONFIG_FILES    = 
  CONFIG_HEADERS  = 
  CONFIG_LINKS    = 
  CONFIG_COMMANDS = 
  $ ./config.status src/include/base/Makefile

on Zinga

config.status:846: creating src/include/base/Makefile

## ---------------------- ##
## Running config.status. ##
## ---------------------- ##

This file was extended by config.status, which was
generated by GNU Autoconf 2.72.  Invocation command line was

  CONFIG_FILES    = 
  CONFIG_HEADERS  = 
  CONFIG_LINKS    = 
  CONFIG_COMMANDS = 
  $ ./config.status src/include/configuration/Makefile

on Zinga

config.status:846: creating src/include/configuration/Makefile

## ---------------------- ##
## Running config.status. ##
## ---------------------- ##

This file was extended by config.status, which was
generated by GNU Autoconf 2.72.  Invocation command line was

  CONFIG_FILES    = 
  CONFIG_HEADERS  = 
  CONFIG_LINKS    = 
  CONFIG_COMMANDS = 
  $ ./config.status src/include/filesystem/Makefile

on Zinga

config.status:846: creating src/include/filesystem/Makefile

## ---------------------- ##
## Running config.status. ##
## ---------------------- ##

This file was extended by config.status, which was
generated by GNU Autoconf 2.72.  Invocation command line was

  CONFIG_FILES    = 
  CONFIG_HEADERS  = 
  CONFIG_LINKS    = 
  CONFIG_COMMANDS = 
  $ ./config.status src/include/game/Makefile

on Zinga

config.status:846: creating src/include/game/Makefile

## ---------------------- ##
## Running config.status. ##
## ---------------------- ##

This file was extended by config.status, which was
generated by GNU Autoconf 2.72.  Invocation command line was

  CONFIG_FILES    = 
  CONFIG_HEADERS  = 
  CONFIG_LINKS    = 
  CONFIG_COMMANDS = 
  $ ./config.status src/include/input/Makefile

on Zinga

config.status:846: creating src/include/input/Makefile

## ---------------------- ##
## Running config.status. ##
## ---------------------- ##

This file was extended by config.status, which was
generated by GNU Autoconf 2.72.  Invocation command line was

  CONFIG_FILES    = 
  CONFIG_HEADERS  = 
  CONFIG_LINKS    = 
  CONFIG_COMMANDS = 
  $ ./config.status src/include/scripting/Makefile

on Zinga

config.status:846: creating src/include/scripting/Makefile

## ---------------------- ##
## Running config.status. ##
## ---------------------- ##

This file was extended by config.status, which was
generated by GNU Autoconf 2.72.  Invocation command line was

  CONFIG_FILES    = 
  CONFIG_HEADERS  = 
  CONFIG_LINKS    = 
  CONFIG_COMMANDS = 
  $ ./config.status src/include/video/Makefile

on Zinga

config.status:846: creating src/include/video/Makefile

## ---------------------- ##
## Running config.status. ##
## ---------------------- ##

This file was extended by config.status, which was
generated by GNU Autoconf 2.72.  Invocation command line was

  CONFIG_FILES    = 
  CONFIG_HEADERS  = 
  CONFIG_LINKS    = 
  CONFIG_COMMANDS = 
  $ ./config.status src/filesystem/Makefile depfiles

on Zinga

config.status:846: creating src/filesystem/Makefile
config.status:1018: executing depfiles commands
config.status:1093: cd src/filesystem       && sed -e '/# am--include-marker/d' Makefile         | make -f - am--depfiles
make[3]: Entering directory '/c/Users/ammon/gltron-0.70Second/src/filesystem'
make[3]: Leaving directory '/c/Users/ammon/gltron-0.70Second/src/filesystem'
config.status:1100: $? = 0

## ---------------------- ##
## Running config.status. ##
## ---------------------- ##

This file was extended by config.status, which was
generated by GNU Autoconf 2.72.  Invocation command line was

  CONFIG_FILES    = 
  CONFIG_HEADERS  = 
  CONFIG_LINKS    = 
  CONFIG_COMMANDS = 
  $ ./config.status src/base/Makefile depfiles

on Zinga

config.status:846: creating src/base/Makefile
config.status:1018: executing depfiles commands
config.status:1093: cd src/base       && sed -e '/# am--include-marker/d' Makefile         | make -f - am--depfiles
make[3]: Entering directory '/c/Users/ammon/gltron-0.70Second/src/base'
make[3]: Nothing to be done for 'am--depfiles'.
make[3]: Leaving directory '/c/Users/ammon/gltron-0.70Second/src/base'
config.status:1100: $? = 0

## ---------------------- ##
## Running config.status. ##
## ---------------------- ##

This file was extended by config.status, which was
generated by GNU Autoconf 2.72.  Invocation command line was

  CONFIG_FILES    = 
  CONFIG_HEADERS  = 
  CONFIG_LINKS    = 
  CONFIG_COMMANDS = 
  $ ./config.status src/configuration/Makefile depfiles

on Zinga

config.status:846: creating src/configuration/Makefile
config.status:1018: executing depfiles commands
config.status:1093: cd src/configuration       && sed -e '/# am--include-marker/d' Makefile         | make -f - am--depfiles
make[3]: Entering directory '/c/Users/ammon/gltron-0.70Second/src/configuration'
make[3]: Nothing to be done for 'am--depfiles'.
make[3]: Leaving directory '/c/Users/ammon/gltron-0.70Second/src/configuration'
config.status:1100: $? = 0

## ---------------------- ##
## Running config.status. ##
## ---------------------- ##

This file was extended by config.status, which was
generated by GNU Autoconf 2.72.  Invocation command line was

  CONFIG_FILES    = 
  CONFIG_HEADERS  = 
  CONFIG_LINKS    = 
  CONFIG_COMMANDS = 
  $ ./config.status src/audio/Makefile depfiles

on Zinga

config.status:846: creating src/audio/Makefile
config.status:1018: executing depfiles commands
config.status:1093: cd src/audio       && sed -e '/# am--include-marker/d' Makefile         | make -f - am--depfiles
make[3]: Entering directory '/c/Users/ammon/gltron-0.70Second/src/audio'
make[3]: Nothing to be done for 'am--depfiles'.
make[3]: Leaving directory '/c/Users/ammon/gltron-0.70Second/src/audio'
config.status:1100: $? = 0

## ---------------------- ##
## Running config.status. ##
## ---------------------- ##

This file was extended by config.status, which was
generated by GNU Autoconf 2.72.  Invocation command line was

  CONFIG_FILES    = 
  CONFIG_HEADERS  = 
  CONFIG_LINKS    = 
  CONFIG_COMMANDS = 
  $ ./config.status src/video/Makefile depfiles

on Zinga

config.status:846: creating src/video/Makefile
config.status:1018: executing depfiles commands
config.status:1093: cd src/video       && sed -e '/# am--include-marker/d' Makefile         | make -f - am--depfiles
make[3]: Entering directory '/c/Users/ammon/gltron-0.70Second/src/video'
make[3]: Nothing to be done for 'am--depfiles'.
make[3]: Leaving directory '/c/Users/ammon/gltron-0.70Second/src/video'
config.status:1100: $? = 0

## ---------------------- ##
## Running config.status. ##
## ---------------------- ##

This file was extended by config.status, which was
generated by GNU Autoconf 2.72.  Invocation command line was

  CONFIG_FILES    = 
  CONFIG_HEADERS  = 
  CONFIG_LINKS    = 
  CONFIG_COMMANDS = 
  $ ./config.status src/input/Makefile depfiles

on Zinga

config.status:846: creating src/input/Makefile
config.status:1018: executing depfiles commands
config.status:1093: cd src/input       && sed -e '/# am--include-marker/d' Makefile         | make -f - am--depfiles
make[3]: Entering directory '/c/Users/ammon/gltron-0.70Second/src/input'
make[3]: Nothing to be done for 'am--depfiles'.
make[3]: Leaving directory '/c/Users/ammon/gltron-0.70Second/src/input'
config.status:1100: $? = 0

## ---------------------- ##
## Running config.status. ##
## ---------------------- ##

This file was extended by config.status, which was
generated by GNU Autoconf 2.72.  Invocation command line was

  CONFIG_FILES    = 
  CONFIG_HEADERS  = 
  CONFIG_LINKS    = 
  CONFIG_COMMANDS = 
  $ ./config.status src/game/Makefile depfiles

on Zinga

config.status:846: creating src/game/Makefile
config.status:1018: executing depfiles commands
config.status:1093: cd src/game       && sed -e '/# am--include-marker/d' Makefile         | make -f - am--depfiles
make[3]: Entering directory '/c/Users/ammon/gltron-0.70Second/src/game'
make[3]: Nothing to be done for 'am--depfiles'.
make[3]: Leaving directory '/c/Users/ammon/gltron-0.70Second/src/game'
config.status:1100: $? = 0

## ---------------------- ##
## Running config.status. ##
## ---------------------- ##

This file was extended by config.status, which was
generated by GNU Autoconf 2.72.  Invocation command line was

  CONFIG_FILES    = 
  CONFIG_HEADERS  = 
  CONFIG_LINKS    = 
  CONFIG_COMMANDS = 
  $ ./config.status art/Makefile

on Zinga

config.status:846: creating art/Makefile

## ---------------------- ##
## Running config.status. ##
## ---------------------- ##

This file was extended by config.status, which was
generated by GNU Autoconf 2.72.  Invocation command line was

  CONFIG_FILES    = 
  CONFIG_HEADERS  = 
  CONFIG_LINKS    = 
  CONFIG_COMMANDS = 
  $ ./config.status art/default/Makefile

on Zinga

config.status:846: creating art/default/Makefile

## ---------------------- ##
## Running config.status. ##
## ---------------------- ##

This file was extended by config.status, which was
generated by GNU Autoconf 2.72.  Invocation command line was

  CONFIG_FILES    = 
  CONFIG_HEADERS  = 
  CONFIG_LINKS    = 
  CONFIG_COMMANDS = 
  $ ./config.status data/Makefile

on Zinga

config.status:846: creating data/Makefile

## ---------------------- ##
## Running config.status. ##
## ---------------------- ##

This file was extended by config.status, which was
generated by GNU Autoconf 2.72.  Invocation command line was

  CONFIG_FILES    = 
  CONFIG_HEADERS  = 
  CONFIG_LINKS    = 
  CONFIG_COMMANDS = 
  $ ./config.status music/Makefile

on Zinga

config.status:846: creating music/Makefile

## ---------------------- ##
## Running config.status. ##
## ---------------------- ##

This file was extended by config.status, which was
generated by GNU Autoconf 2.72.  Invocation command line was

  CONFIG_FILES    = 
  CONFIG_HEADERS  = 
  CONFIG_LINKS    = 
  CONFIG_COMMANDS = 
  $ ./config.status scripts/Makefile

on Zinga

config.status:846: creating scripts/Makefile
